Using pre-set license
Built from '2021.3/staging' branch; Version is '2021.3.33f1 (ee5a2aa03ab2) revision 15620650'; Using compiler version '192829333'; Build Type 'Release'
OS: 'Windows 10  (10.0.19045) 64bit Enterprise' Language: 'ko' Physical Memory: 32505 MB
BatchMode: 1, IsHumanControllingUs: 0, StartBugReporterOnCrash: 0, Is64bit: 1, IsPro: 1

COMMAND LINE ARGUMENTS:
C:\Program Files\Unity\Hub\Editor\2021.3.33f1\Editor\Unity.exe
-adb2
-batchMode
-noUpm
-name
AssetImportWorker5
-projectPath
C:/Users/SSAFY/Documents/Unity Projects/Escape
-logFile
Logs/AssetImportWorker5.log
-srvPort
49892
Successfully changed project path to: C:/Users/SSAFY/Documents/Unity Projects/Escape
C:/Users/SSAFY/Documents/Unity Projects/Escape
[UnityMemory] Configuration Parameters - Can be set up in boot.config
    "memorysetup-bucket-allocator-granularity=16"
    "memorysetup-bucket-allocator-bucket-count=8"
    "memorysetup-bucket-allocator-block-size=33554432"
    "memorysetup-bucket-allocator-block-count=8"
    "memorysetup-main-allocator-block-size=16777216"
    "memorysetup-thread-allocator-block-size=16777216"
    "memorysetup-gfx-main-allocator-block-size=16777216"
    "memorysetup-gfx-thread-allocator-block-size=16777216"
    "memorysetup-cache-allocator-block-size=4194304"
    "memorysetup-typetree-allocator-block-size=2097152"
    "memorysetup-profiler-bucket-allocator-granularity=16"
    "memorysetup-profiler-bucket-allocator-bucket-count=8"
    "memorysetup-profiler-bucket-allocator-block-size=33554432"
    "memorysetup-profiler-bucket-allocator-block-count=8"
    "memorysetup-profiler-allocator-block-size=16777216"
    "memorysetup-profiler-editor-allocator-block-size=1048576"
    "memorysetup-temp-allocator-size-main=16777216"
    "memorysetup-job-temp-allocator-block-size=2097152"
    "memorysetup-job-temp-allocator-block-size-background=1048576"
    "memorysetup-job-temp-allocator-reduction-small-platforms=262144"
    "memorysetup-temp-allocator-size-background-worker=32768"
    "memorysetup-temp-allocator-size-job-worker=262144"
    "memorysetup-temp-allocator-size-preload-manager=33554432"
    "memorysetup-temp-allocator-size-nav-mesh-worker=65536"
    "memorysetup-temp-allocator-size-audio-worker=65536"
    "memorysetup-temp-allocator-size-cloud-worker=32768"
    "memorysetup-temp-allocator-size-gi-baking-worker=262144"
    "memorysetup-temp-allocator-size-gfx=262144"
Player connection [20424] Host "[IP] 192.168.100.47 [Port] 0 [Flags] 2 [Guid] 545554906 [EditorId] 545554906 [Version] 1048832 [Id] WindowsEditor(7,DESKTOP-LL832F4) [Debug] 1 [PackageName] WindowsEditor [ProjectName] Editor" joined multi-casting on [225.0.0.222:54997]...

Player connection [20424] Host "[IP] 192.168.100.47 [Port] 0 [Flags] 2 [Guid] 545554906 [EditorId] 545554906 [Version] 1048832 [Id] WindowsEditor(7,DESKTOP-LL832F4) [Debug] 1 [PackageName] WindowsEditor [ProjectName] Editor" joined alternative multi-casting on [225.0.0.222:34997]...

[Physics::Module] Initialized MultithreadedJobDispatcher with {0} workers.
Refreshing native plugins compatible for Editor in 136.15 ms, found 5 plugins.
Preloading 0 native plugins for Editor in 0.00 ms.
Initialize engine version: 2021.3.33f1 (ee5a2aa03ab2)
[Subsystems] Discovering subsystems at path C:/Program Files/Unity/Hub/Editor/2021.3.33f1/Editor/Data/Resources/UnitySubsystems
[Subsystems] Discovering subsystems at path C:/Users/SSAFY/Documents/Unity Projects/Escape/Assets
GfxDevice: creating device client; threaded=0; jobified=0
Direct3D:
    Version:  Direct3D 11.0 [level 11.1]
    Renderer: NVIDIA GeForce RTX 3050 Ti Laptop GPU (ID=0x25a0)
    Vendor:   NVIDIA
    VRAM:     3977 MB
    Driver:   31.0.15.4633
Initialize mono
Mono path[0] = 'C:/Program Files/Unity/Hub/Editor/2021.3.33f1/Editor/Data/Managed'
Mono path[1] = 'C:/Program Files/Unity/Hub/Editor/2021.3.33f1/Editor/Data/MonoBleedingEdge/lib/mono/unityjit-win32'
Mono config path = 'C:/Program Files/Unity/Hub/Editor/2021.3.33f1/Editor/Data/MonoBleedingEdge/etc'
Using monoOptions --debugger-agent=transport=dt_socket,embedding=1,server=y,suspend=n,address=127.0.0.1:56908
Begin MonoManager ReloadAssembly
Registering precompiled unity dll's ...
Register platform support module: C:/Program Files/Unity/Hub/Editor/2021.3.33f1/Editor/Data/PlaybackEngines/WebGLSupport/UnityEditor.WebGL.Extensions.dll
Register platform support module: C:/Program Files/Unity/Hub/Editor/2021.3.33f1/Editor/Data/PlaybackEngines/AndroidPlayer/UnityEditor.Android.Extensions.dll
Register platform support module: C:/Program Files/Unity/Hub/Editor/2021.3.33f1/Editor/Data/PlaybackEngines/iOSSupport/UnityEditor.iOS.Extensions.dll
Register platform support module: C:/Program Files/Unity/Hub/Editor/2021.3.33f1/Editor/Data/PlaybackEngines/WindowsStandaloneSupport/UnityEditor.WindowsStandalone.Extensions.dll
Registered in 0.005292 seconds.
Native extension for WindowsStandalone target not found
[usbmuxd] Start listen thread
[usbmuxd] Listen thread started
Native extension for iOS target not found
Native extension for Android target not found
Android Extension - Scanning For ADB Devices 1347 ms
Native extension for WebGL target not found
Refreshing native plugins compatible for Editor in 149.59 ms, found 5 plugins.
Preloading 0 native plugins for Editor in 0.00 ms.
Mono: successfully reloaded assembly
- Completed reload, in  1.989 seconds
Domain Reload Profiling:
	ReloadAssembly (1990ms)
		BeginReloadAssembly (79ms)
			ExecutionOrderSort (0ms)
			DisableScriptedObjects (0ms)
			BackupInstance (0ms)
			ReleaseScriptingObjects (0ms)
			CreateAndSetChildDomain (1ms)
		EndReloadAssembly (1836ms)
			LoadAssemblies (79ms)
			RebuildTransferFunctionScriptingTraits (0ms)
			SetupTypeCache (90ms)
			ReleaseScriptCaches (0ms)
			RebuildScriptCaches (22ms)
			SetupLoadedEditorAssemblies (1690ms)
				LogAssemblyErrors (0ms)
				InitializePlatformSupportModulesInManaged (1426ms)
				SetLoadedEditorAssemblies (0ms)
				RefreshPlugins (150ms)
				BeforeProcessingInitializeOnLoad (1ms)
				ProcessInitializeOnLoadAttributes (78ms)
				ProcessInitializeOnLoadMethodAttributes (35ms)
				AfterProcessingInitializeOnLoad (0ms)
				EditorAssembliesLoaded (0ms)
			ExecutionOrderSort2 (0ms)
			AwakeInstancesAfterBackupRestoration (0ms)
Platform modules already initialized, skipping
Registering precompiled user dll's ...
Registered in 0.003750 seconds.
Begin MonoManager ReloadAssembly
Native extension for WindowsStandalone target not found
Native extension for iOS target not found
Native extension for Android target not found
Native extension for WebGL target not found
Refreshing native plugins compatible for Editor in 1.73 ms, found 5 plugins.
Preloading 0 native plugins for Editor in 0.00 ms.
Package Manager log level set to [2]
[Package Manager] Server::EnsureServerProcessIsRunning -- launch failed, reason: Unity was launched with the -noUpm command-line argument
[Package Manager] Cannot connect to Unity Package Manager local server
Mono: successfully reloaded assembly
- Completed reload, in  1.244 seconds
Domain Reload Profiling:
	ReloadAssembly (1245ms)
		BeginReloadAssembly (104ms)
			ExecutionOrderSort (0ms)
			DisableScriptedObjects (4ms)
			BackupInstance (0ms)
			ReleaseScriptingObjects (0ms)
			CreateAndSetChildDomain (17ms)
		EndReloadAssembly (1060ms)
			LoadAssemblies (85ms)
			RebuildTransferFunctionScriptingTraits (0ms)
			SetupTypeCache (224ms)
			ReleaseScriptCaches (1ms)
			RebuildScriptCaches (51ms)
			SetupLoadedEditorAssemblies (693ms)
				LogAssemblyErrors (0ms)
				InitializePlatformSupportModulesInManaged (26ms)
				SetLoadedEditorAssemblies (0ms)
				RefreshPlugins (2ms)
				BeforeProcessingInitializeOnLoad (66ms)
				ProcessInitializeOnLoadAttributes (577ms)
				ProcessInitializeOnLoadMethodAttributes (18ms)
				AfterProcessingInitializeOnLoad (4ms)
				EditorAssembliesLoaded (0ms)
			ExecutionOrderSort2 (0ms)
			AwakeInstancesAfterBackupRestoration (5ms)
Platform modules already initialized, skipping
========================================================================
Worker process is ready to serve import requests
Launched and connected shader compiler UnityShaderCompiler.exe after 0.03 seconds
Refreshing native plugins compatible for Editor in 1.83 ms, found 5 plugins.
Preloading 0 native plugins for Editor in 0.00 ms.
Unloading 3812 Unused Serialized files (Serialized files now loaded: 0)
Unloading 51 unused Assets / (1.3 MB). Loaded Objects now: 4287.
Memory consumption went from 203.3 MB to 202.0 MB.
Total: 2.972500 ms (FindLiveObjects: 0.269400 ms CreateObjectMapping: 0.386400 ms MarkObjects: 2.050700 ms  DeleteObjects: 0.264900 ms)

AssetImportParameters requested are different than current active one (requested -> active):
  custom:video-decoder-ogg-theora: a1e56fd34408186e4bbccfd4996cb3dc -> 
  custom:container-muxer-webm: aa71ff27fc2769a1b78a27578f13a17b -> 
  custom:container-demuxer-webm: 4f35f7cbe854078d1ac9338744f61a02 -> 
  custom:video-encoder-webm-vp8: eb34c28f22e8b96e1ab97ce403110664 -> 
  custom:CustomObjectIndexerAttribute: bc11b3a6c3213fcdd17b65e7da85e133 -> 
  custom:audio-encoder-webm-vorbis: bf7c407c2cedff20999df2af8eb42d56 -> 
  custom:framework-win-MediaFoundation: 216162199b28c13a410421893ffa2e32 -> 
  custom:SearchIndexIgnoredProperties: e643bd26f0fe6173181afceb89e7c659 -> 
  custom:container-demuxer-ogg: 62fdf1f143b41e24485cea50d1cbac27 -> 
  custom:video-decoder-webm-vp8: 9c59270c3fd7afecdb556c50c9e8de78 -> 
  custom:audio-decoder-ogg-vorbis: bf7c407c2cedff20999df2af8eb42d56 -> 
========================================================================
Received Import Request.
  Time since last request: 7274.480552 seconds.
  path: Assets/Resources/Object/Copper_Debris.prefab
  artifactKey: Guid(d4e7da48474d71c43b8c7eb560c9aa5e) Importer(815301076,1909f56bfc062723c751e8b465ee728b)
Number of updated assets reloaded before import = 0
Start importing Assets/Resources/Object/Copper_Debris.prefab using Guid(d4e7da48474d71c43b8c7eb560c9aa5e) Importer(815301076,1909f56bfc062723c751e8b465ee728b)  -> (artifact id: 'c4a57b65efcf9aef13489bd578f9466a') in 0.106788 seconds 
Number of asset objects unloaded after import = 70
========================================================================
Received Import Request.
  Time since last request: 8.932365 seconds.
  path: Assets/Resources/Object/Copper Ore_Effect.prefab
  artifactKey: Guid(fe0aad3a77d82f54480647339df28009) Importer(815301076,1909f56bfc062723c751e8b465ee728b)
Number of updated assets reloaded before import = 0
Start importing Assets/Resources/Object/Copper Ore_Effect.prefab using Guid(fe0aad3a77d82f54480647339df28009) Importer(815301076,1909f56bfc062723c751e8b465ee728b)  -> (artifact id: 'bd9875d7210ba09e65afa12dedd017de') in 0.094831 seconds 
Number of asset objects unloaded after import = 18
========================================================================
Received Import Request.
  Time since last request: 1.079531 seconds.
  path: Assets/Resources/Object/Copper_Debris.prefab
  artifactKey: Guid(d4e7da48474d71c43b8c7eb560c9aa5e) Importer(815301076,1909f56bfc062723c751e8b465ee728b)
Number of updated assets reloaded before import = 0
Start importing Assets/Resources/Object/Copper_Debris.prefab using Guid(d4e7da48474d71c43b8c7eb560c9aa5e) Importer(815301076,1909f56bfc062723c751e8b465ee728b)  -> (artifact id: '6e15fb1bdc91efc71918e3446da2369c') in 0.037581 seconds 
Number of asset objects unloaded after import = 63
========================================================================
Received Import Request.
  Time since last request: 0.913418 seconds.
  path: Assets/Resources/Object/Copper_Debris.prefab
  artifactKey: Guid(d4e7da48474d71c43b8c7eb560c9aa5e) Importer(815301076,1909f56bfc062723c751e8b465ee728b)
Number of updated assets reloaded before import = 0
Start importing Assets/Resources/Object/Copper_Debris.prefab using Guid(d4e7da48474d71c43b8c7eb560c9aa5e) Importer(815301076,1909f56bfc062723c751e8b465ee728b)  -> (artifact id: '98a4831972a449687ad900226650948b') in 0.023444 seconds 
Number of asset objects unloaded after import = 56
========================================================================
Received Import Request.
  Time since last request: 0.675685 seconds.
  path: Assets/Resources/Object/Copper_Debris.prefab
  artifactKey: Guid(d4e7da48474d71c43b8c7eb560c9aa5e) Importer(815301076,1909f56bfc062723c751e8b465ee728b)
Number of updated assets reloaded before import = 0
Start importing Assets/Resources/Object/Copper_Debris.prefab using Guid(d4e7da48474d71c43b8c7eb560c9aa5e) Importer(815301076,1909f56bfc062723c751e8b465ee728b)  -> (artifact id: '2a106fac4e45d258626e6abcfc981bc5') in 0.009110 seconds 
Number of asset objects unloaded after import = 49
========================================================================
Received Import Request.
  Time since last request: 0.879522 seconds.
  path: Assets/Resources/Object/Copper_Debris.prefab
  artifactKey: Guid(d4e7da48474d71c43b8c7eb560c9aa5e) Importer(815301076,1909f56bfc062723c751e8b465ee728b)
Number of updated assets reloaded before import = 0
Start importing Assets/Resources/Object/Copper_Debris.prefab using Guid(d4e7da48474d71c43b8c7eb560c9aa5e) Importer(815301076,1909f56bfc062723c751e8b465ee728b)  -> (artifact id: 'fdb26c4321745c45a7b29ccdaa4ae0db') in 0.007717 seconds 
Number of asset objects unloaded after import = 42
========================================================================
Received Import Request.
  Time since last request: 0.680390 seconds.
  path: Assets/Resources/Object/Copper_Debris.prefab
  artifactKey: Guid(d4e7da48474d71c43b8c7eb560c9aa5e) Importer(815301076,1909f56bfc062723c751e8b465ee728b)
Number of updated assets reloaded before import = 0
Start importing Assets/Resources/Object/Copper_Debris.prefab using Guid(d4e7da48474d71c43b8c7eb560c9aa5e) Importer(815301076,1909f56bfc062723c751e8b465ee728b)  -> (artifact id: 'bdce3e276b08b4df4d1f4b24a3a555b7') in 0.007915 seconds 
Number of asset objects unloaded after import = 35
========================================================================
Received Import Request.
  Time since last request: 0.880122 seconds.
  path: Assets/Resources/Object/Copper_Debris.prefab
  artifactKey: Guid(d4e7da48474d71c43b8c7eb560c9aa5e) Importer(815301076,1909f56bfc062723c751e8b465ee728b)
Number of updated assets reloaded before import = 0
Start importing Assets/Resources/Object/Copper_Debris.prefab using Guid(d4e7da48474d71c43b8c7eb560c9aa5e) Importer(815301076,1909f56bfc062723c751e8b465ee728b)  -> (artifact id: 'b87841a9cfcf3b6f7386f9c8d5efa876') in 0.009828 seconds 
Number of asset objects unloaded after import = 28
========================================================================
Received Import Request.
  Time since last request: 0.673633 seconds.
  path: Assets/Resources/Object/Copper_Debris.prefab
  artifactKey: Guid(d4e7da48474d71c43b8c7eb560c9aa5e) Importer(815301076,1909f56bfc062723c751e8b465ee728b)
Number of updated assets reloaded before import = 0
Start importing Assets/Resources/Object/Copper_Debris.prefab using Guid(d4e7da48474d71c43b8c7eb560c9aa5e) Importer(815301076,1909f56bfc062723c751e8b465ee728b)  -> (artifact id: 'b142e5c97666a14e7d2b2b4b8edabf6c') in 0.003185 seconds 
Number of asset objects unloaded after import = 4
========================================================================
Received Import Request.
  Time since last request: 9.513137 seconds.
  path: Assets/TextMesh Pro/Resources/Fonts & Materials/LiberationSans SDF - Outline.mat
  artifactKey: Guid(79459efec17a4d00a321bdcc27bbc385) Importer(815301076,1909f56bfc062723c751e8b465ee728b)
Number of updated assets reloaded before import = 0
Start importing Assets/TextMesh Pro/Resources/Fonts & Materials/LiberationSans SDF - Outline.mat using Guid(79459efec17a4d00a321bdcc27bbc385) Importer(815301076,1909f56bfc062723c751e8b465ee728b)  -> (artifact id: '43934258af65dda1945174324b97e3dc') in 0.056217 seconds 
Number of asset objects unloaded after import = 2
========================================================================
Received Import Request.
  Time since last request: 84.457531 seconds.
  path: Assets/Resources/Object/Copper_Debris.prefab
  artifactKey: Guid(d4e7da48474d71c43b8c7eb560c9aa5e) Importer(815301076,1909f56bfc062723c751e8b465ee728b)
Number of updated assets reloaded before import = 0
Start importing Assets/Resources/Object/Copper_Debris.prefab using Guid(d4e7da48474d71c43b8c7eb560c9aa5e) Importer(815301076,1909f56bfc062723c751e8b465ee728b)  -> (artifact id: 'adf292d42777e273ef1b5b3bd4f54df9') in 0.105686 seconds 
Number of asset objects unloaded after import = 65
========================================================================
Received Import Request.
  Time since last request: 174.035375 seconds.
  path: Assets/Resources/Object/Iron Ore.prefab
  artifactKey: Guid(c03b299ddb17adf41a5de83b6532d924) Importer(815301076,1909f56bfc062723c751e8b465ee728b)
Number of updated assets reloaded before import = 0
Start importing Assets/Resources/Object/Iron Ore.prefab using Guid(c03b299ddb17adf41a5de83b6532d924) Importer(815301076,1909f56bfc062723c751e8b465ee728b)  -> (artifact id: '730d5bd140b0f18e860dd95e737219e4') in 0.035131 seconds 
Number of asset objects unloaded after import = 146
========================================================================
Received Import Request.
  Time since last request: 320.016228 seconds.
  path: Assets/Resources/Item Prefabs/iron-ore_Item.prefab
  artifactKey: Guid(b2f43535333f10743a128ff019976513) Importer(815301076,1909f56bfc062723c751e8b465ee728b)
Number of updated assets reloaded before import = 0
Start importing Assets/Resources/Item Prefabs/iron-ore_Item.prefab using Guid(b2f43535333f10743a128ff019976513) Importer(815301076,1909f56bfc062723c751e8b465ee728b)  -> (artifact id: '4bd0dbdf97aab4ea7cb7163f618ad83d') in 0.065700 seconds 
Number of asset objects unloaded after import = 22
========================================================================
Received Import Request.
  Time since last request: 153.944744 seconds.
  path: Assets/Resources/Item/Iron Ore.asset
  artifactKey: Guid(ad7866752cd513f488cfbb64a0032317) Importer(815301076,1909f56bfc062723c751e8b465ee728b)
Number of updated assets reloaded before import = 0
Start importing Assets/Resources/Item/Iron Ore.asset using Guid(ad7866752cd513f488cfbb64a0032317) Importer(815301076,1909f56bfc062723c751e8b465ee728b)  -> (artifact id: '66ff959d820867b29bb6f3aea63b9d47') in 0.004773 seconds 
Number of asset objects unloaded after import = 11
========================================================================
Received Import Request.
  Time since last request: 163.067864 seconds.
  path: Assets/Resources/Object/Iron Ore.prefab
  artifactKey: Guid(c03b299ddb17adf41a5de83b6532d924) Importer(815301076,1909f56bfc062723c751e8b465ee728b)
Number of updated assets reloaded before import = 0
Start importing Assets/Resources/Object/Iron Ore.prefab using Guid(c03b299ddb17adf41a5de83b6532d924) Importer(815301076,1909f56bfc062723c751e8b465ee728b)  -> (artifact id: '9cb1e87c1e04a68b9c0c97b94e296a2e') in 0.074792 seconds 
Number of asset objects unloaded after import = 146
========================================================================
Received Prepare
Registering precompiled user dll's ...
Registered in 0.003708 seconds.
Begin MonoManager ReloadAssembly
Native extension for WindowsStandalone target not found
Native extension for iOS target not found
Native extension for Android target not found
Native extension for WebGL target not found
Refreshing native plugins compatible for Editor in 1.48 ms, found 5 plugins.
Preloading 0 native plugins for Editor in 0.00 ms.
[Package Manager] Server::EnsureServerProcessIsRunning -- launch failed, reason: Unity was launched with the -noUpm command-line argument
[Package Manager] Cannot connect to Unity Package Manager local server
Mono: successfully reloaded assembly
- Completed reload, in  1.193 seconds
Domain Reload Profiling:
	ReloadAssembly (1194ms)
		BeginReloadAssembly (131ms)
			ExecutionOrderSort (0ms)
			DisableScriptedObjects (3ms)
			BackupInstance (0ms)
			ReleaseScriptingObjects (0ms)
			CreateAndSetChildDomain (34ms)
		EndReloadAssembly (988ms)
			LoadAssemblies (86ms)
			RebuildTransferFunctionScriptingTraits (0ms)
			SetupTypeCache (219ms)
			ReleaseScriptCaches (2ms)
			RebuildScriptCaches (38ms)
			SetupLoadedEditorAssemblies (634ms)
				LogAssemblyErrors (0ms)
				InitializePlatformSupportModulesInManaged (27ms)
				SetLoadedEditorAssemblies (0ms)
				RefreshPlugins (2ms)
				BeforeProcessingInitializeOnLoad (58ms)
				ProcessInitializeOnLoadAttributes (528ms)
				ProcessInitializeOnLoadMethodAttributes (16ms)
				AfterProcessingInitializeOnLoad (4ms)
				EditorAssembliesLoaded (0ms)
			ExecutionOrderSort2 (0ms)
			AwakeInstancesAfterBackupRestoration (5ms)
Platform modules already initialized, skipping
Refreshing native plugins compatible for Editor in 1.74 ms, found 5 plugins.
Preloading 0 native plugins for Editor in 0.00 ms.
Unloading 3748 Unused Serialized files (Serialized files now loaded: 0)
Unloading 34 unused Assets / (1.3 MB). Loaded Objects now: 4343.
Memory consumption went from 196.4 MB to 195.1 MB.
Total: 2.778800 ms (FindLiveObjects: 0.282300 ms CreateObjectMapping: 0.087100 ms MarkObjects: 2.196800 ms  DeleteObjects: 0.211900 ms)

AssetImportParameters requested are different than current active one (requested -> active):
  custom:video-decoder-ogg-theora: a1e56fd34408186e4bbccfd4996cb3dc -> 
  custom:container-muxer-webm: aa71ff27fc2769a1b78a27578f13a17b -> 
  custom:container-demuxer-webm: 4f35f7cbe854078d1ac9338744f61a02 -> 
  custom:video-encoder-webm-vp8: eb34c28f22e8b96e1ab97ce403110664 -> 
  custom:CustomObjectIndexerAttribute: bc11b3a6c3213fcdd17b65e7da85e133 -> 
  custom:audio-encoder-webm-vorbis: bf7c407c2cedff20999df2af8eb42d56 -> 
  custom:framework-win-MediaFoundation: 216162199b28c13a410421893ffa2e32 -> 
  custom:SearchIndexIgnoredProperties: e643bd26f0fe6173181afceb89e7c659 -> 
  custom:container-demuxer-ogg: 62fdf1f143b41e24485cea50d1cbac27 -> 
  custom:video-decoder-webm-vp8: 9c59270c3fd7afecdb556c50c9e8de78 -> 
  custom:audio-decoder-ogg-vorbis: bf7c407c2cedff20999df2af8eb42d56 -> 
========================================================================
Received Import Request.
  Time since last request: 175.913843 seconds.
  path: Assets/Store Asset/polyperfect/Low Poly Ultimate Pack/T/- Prefabs_T/Terrains_T/Hexagons_T/hexagon-sand.prefab
  artifactKey: Guid(4601f921d60d341d387570ecf26a007a) Importer(815301076,1909f56bfc062723c751e8b465ee728b)
Number of updated assets reloaded before import = 0
Start importing Assets/Store Asset/polyperfect/Low Poly Ultimate Pack/T/- Prefabs_T/Terrains_T/Hexagons_T/hexagon-sand.prefab using Guid(4601f921d60d341d387570ecf26a007a) Importer(815301076,1909f56bfc062723c751e8b465ee728b)  -> (artifact id: '6887e4586d3c88e875aea6bbbe101ad9') in 0.087320 seconds 
Number of asset objects unloaded after import = 12
========================================================================
Received Import Request.
  Time since last request: 0.000019 seconds.
  path: Assets/Store Asset/polyperfect/Low Poly Ultimate Pack/M/- Meshes_M/Terrains_M/Islands_M/island-sand-tiny.fbx
  artifactKey: Guid(aadea113cf9417f4b874a3e59fcf8c7b) Importer(815301076,1909f56bfc062723c751e8b465ee728b)
Number of updated assets reloaded before import = 0
Start importing Assets/Store Asset/polyperfect/Low Poly Ultimate Pack/M/- Meshes_M/Terrains_M/Islands_M/island-sand-tiny.fbx using Guid(aadea113cf9417f4b874a3e59fcf8c7b) Importer(815301076,1909f56bfc062723c751e8b465ee728b)  -> (artifact id: '472bf7604bdd270fbac02ab1667e96bf') in 0.038362 seconds 
Number of asset objects unloaded after import = 7
========================================================================
Received Import Request.
  Time since last request: 9.789350 seconds.
  path: Assets/Store Asset/polyperfect/Low Poly Ultimate Pack/M/- Meshes_M/Tiles_M/tile-golf-sand.fbx
  artifactKey: Guid(59c7dafdd2a0ead43bab49e10bb38341) Importer(815301076,1909f56bfc062723c751e8b465ee728b)
Number of updated assets reloaded before import = 0
Start importing Assets/Store Asset/polyperfect/Low Poly Ultimate Pack/M/- Meshes_M/Tiles_M/tile-golf-sand.fbx using Guid(59c7dafdd2a0ead43bab49e10bb38341) Importer(815301076,1909f56bfc062723c751e8b465ee728b)  -> (artifact id: '63baf3b469eeb6244e0136c429ce0c8d') in 0.037049 seconds 
Number of asset objects unloaded after import = 7
Editor requested this worker to shutdown with reason: Scaling down because of idle timeout
AssetImportWorker is now disconnected from the server
Process exiting
Exiting without the bug reporter. Application will terminate with return code 0