Using pre-set license
Built from '2021.3/staging' branch; Version is '2021.3.33f1 (ee5a2aa03ab2) revision 15620650'; Using compiler version '192829333'; Build Type 'Release'
OS: 'Windows 10  (10.0.19045) 64bit Enterprise' Language: 'ko' Physical Memory: 32505 MB
BatchMode: 1, IsHumanControllingUs: 0, StartBugReporterOnCrash: 0, Is64bit: 1, IsPro: 1

COMMAND LINE ARGUMENTS:
C:\Program Files\Unity\Hub\Editor\2021.3.33f1\Editor\Unity.exe
-adb2
-batchMode
-noUpm
-name
AssetImportWorker4
-projectPath
C:/Users/SSAFY/Documents/Unity Projects/Escape
-logFile
Logs/AssetImportWorker4.log
-srvPort
50042
Successfully changed project path to: C:/Users/SSAFY/Documents/Unity Projects/Escape
C:/Users/SSAFY/Documents/Unity Projects/Escape
[UnityMemory] Configuration Parameters - Can be set up in boot.config
    "memorysetup-bucket-allocator-granularity=16"
    "memorysetup-bucket-allocator-bucket-count=8"
    "memorysetup-bucket-allocator-block-size=33554432"
    "memorysetup-bucket-allocator-block-count=8"
    "memorysetup-main-allocator-block-size=16777216"
    "memorysetup-thread-allocator-block-size=16777216"
    "memorysetup-gfx-main-allocator-block-size=16777216"
    "memorysetup-gfx-thread-allocator-block-size=16777216"
    "memorysetup-cache-allocator-block-size=4194304"
    "memorysetup-typetree-allocator-block-size=2097152"
    "memorysetup-profiler-bucket-allocator-granularity=16"
    "memorysetup-profiler-bucket-allocator-bucket-count=8"
    "memorysetup-profiler-bucket-allocator-block-size=33554432"
    "memorysetup-profiler-bucket-allocator-block-count=8"
    "memorysetup-profiler-allocator-block-size=16777216"
    "memorysetup-profiler-editor-allocator-block-size=1048576"
    "memorysetup-temp-allocator-size-main=16777216"
    "memorysetup-job-temp-allocator-block-size=2097152"
    "memorysetup-job-temp-allocator-block-size-background=1048576"
    "memorysetup-job-temp-allocator-reduction-small-platforms=262144"
    "memorysetup-temp-allocator-size-background-worker=32768"
    "memorysetup-temp-allocator-size-job-worker=262144"
    "memorysetup-temp-allocator-size-preload-manager=33554432"
    "memorysetup-temp-allocator-size-nav-mesh-worker=65536"
    "memorysetup-temp-allocator-size-audio-worker=65536"
    "memorysetup-temp-allocator-size-cloud-worker=32768"
    "memorysetup-temp-allocator-size-gi-baking-worker=262144"
    "memorysetup-temp-allocator-size-gfx=262144"
Player connection [2948] Host "[IP] 192.168.0.5 [Port] 0 [Flags] 2 [Guid] 3919031500 [EditorId] 3919031500 [Version] 1048832 [Id] WindowsEditor(7,DESKTOP-LL832F4) [Debug] 1 [PackageName] WindowsEditor [ProjectName] Editor" joined multi-casting on [225.0.0.222:54997]...

Player connection [2948] Host "[IP] 192.168.0.5 [Port] 0 [Flags] 2 [Guid] 3919031500 [EditorId] 3919031500 [Version] 1048832 [Id] WindowsEditor(7,DESKTOP-LL832F4) [Debug] 1 [PackageName] WindowsEditor [ProjectName] Editor" joined alternative multi-casting on [225.0.0.222:34997]...

[Physics::Module] Initialized MultithreadedJobDispatcher with {0} workers.
Refreshing native plugins compatible for Editor in 126.70 ms, found 5 plugins.
Preloading 0 native plugins for Editor in 0.00 ms.
Initialize engine version: 2021.3.33f1 (ee5a2aa03ab2)
[Subsystems] Discovering subsystems at path C:/Program Files/Unity/Hub/Editor/2021.3.33f1/Editor/Data/Resources/UnitySubsystems
[Subsystems] Discovering subsystems at path C:/Users/SSAFY/Documents/Unity Projects/Escape/Assets
GfxDevice: creating device client; threaded=0; jobified=0
Direct3D:
    Version:  Direct3D 11.0 [level 11.1]
    Renderer: NVIDIA GeForce RTX 3050 Ti Laptop GPU (ID=0x25a0)
    Vendor:   NVIDIA
    VRAM:     3977 MB
    Driver:   31.0.15.4633
Initialize mono
Mono path[0] = 'C:/Program Files/Unity/Hub/Editor/2021.3.33f1/Editor/Data/Managed'
Mono path[1] = 'C:/Program Files/Unity/Hub/Editor/2021.3.33f1/Editor/Data/MonoBleedingEdge/lib/mono/unityjit-win32'
Mono config path = 'C:/Program Files/Unity/Hub/Editor/2021.3.33f1/Editor/Data/MonoBleedingEdge/etc'
Using monoOptions --debugger-agent=transport=dt_socket,embedding=1,server=y,suspend=n,address=127.0.0.1:56248
Begin MonoManager ReloadAssembly
Registering precompiled unity dll's ...
Register platform support module: C:/Program Files/Unity/Hub/Editor/2021.3.33f1/Editor/Data/PlaybackEngines/WebGLSupport/UnityEditor.WebGL.Extensions.dll
Register platform support module: C:/Program Files/Unity/Hub/Editor/2021.3.33f1/Editor/Data/PlaybackEngines/AndroidPlayer/UnityEditor.Android.Extensions.dll
Register platform support module: C:/Program Files/Unity/Hub/Editor/2021.3.33f1/Editor/Data/PlaybackEngines/iOSSupport/UnityEditor.iOS.Extensions.dll
Register platform support module: C:/Program Files/Unity/Hub/Editor/2021.3.33f1/Editor/Data/PlaybackEngines/WindowsStandaloneSupport/UnityEditor.WindowsStandalone.Extensions.dll
Registered in 0.005347 seconds.
Native extension for WindowsStandalone target not found
[usbmuxd] Start listen thread
[usbmuxd] Listen thread started
Native extension for iOS target not found
Native extension for Android target not found
Android Extension - Scanning For ADB Devices 1281 ms
Native extension for WebGL target not found
Refreshing native plugins compatible for Editor in 138.96 ms, found 5 plugins.
Preloading 0 native plugins for Editor in 0.00 ms.
Mono: successfully reloaded assembly
- Completed reload, in  1.906 seconds
Domain Reload Profiling:
	ReloadAssembly (1907ms)
		BeginReloadAssembly (74ms)
			ExecutionOrderSort (0ms)
			DisableScriptedObjects (0ms)
			BackupInstance (0ms)
			ReleaseScriptingObjects (0ms)
			CreateAndSetChildDomain (1ms)
		EndReloadAssembly (1762ms)
			LoadAssemblies (74ms)
			RebuildTransferFunctionScriptingTraits (0ms)
			SetupTypeCache (81ms)
			ReleaseScriptCaches (0ms)
			RebuildScriptCaches (20ms)
			SetupLoadedEditorAssemblies (1628ms)
				LogAssemblyErrors (0ms)
				InitializePlatformSupportModulesInManaged (1354ms)
				SetLoadedEditorAssemblies (0ms)
				RefreshPlugins (139ms)
				BeforeProcessingInitializeOnLoad (2ms)
				ProcessInitializeOnLoadAttributes (92ms)
				ProcessInitializeOnLoadMethodAttributes (41ms)
				AfterProcessingInitializeOnLoad (0ms)
				EditorAssembliesLoaded (0ms)
			ExecutionOrderSort2 (0ms)
			AwakeInstancesAfterBackupRestoration (0ms)
Platform modules already initialized, skipping
Registering precompiled user dll's ...
Registered in 0.005376 seconds.
Begin MonoManager ReloadAssembly
Native extension for WindowsStandalone target not found
Native extension for iOS target not found
Native extension for Android target not found
Native extension for WebGL target not found
Refreshing native plugins compatible for Editor in 1.44 ms, found 5 plugins.
Preloading 0 native plugins for Editor in 0.00 ms.
Package Manager log level set to [2]
[Package Manager] Server::EnsureServerProcessIsRunning -- launch failed, reason: Unity was launched with the -noUpm command-line argument
[Package Manager] Cannot connect to Unity Package Manager local server
Mono: successfully reloaded assembly
- Completed reload, in  1.191 seconds
Domain Reload Profiling:
	ReloadAssembly (1191ms)
		BeginReloadAssembly (100ms)
			ExecutionOrderSort (0ms)
			DisableScriptedObjects (4ms)
			BackupInstance (0ms)
			ReleaseScriptingObjects (0ms)
			CreateAndSetChildDomain (15ms)
		EndReloadAssembly (1017ms)
			LoadAssemblies (83ms)
			RebuildTransferFunctionScriptingTraits (0ms)
			SetupTypeCache (213ms)
			ReleaseScriptCaches (1ms)
			RebuildScriptCaches (45ms)
			SetupLoadedEditorAssemblies (674ms)
				LogAssemblyErrors (0ms)
				InitializePlatformSupportModulesInManaged (22ms)
				SetLoadedEditorAssemblies (0ms)
				RefreshPlugins (1ms)
				BeforeProcessingInitializeOnLoad (62ms)
				ProcessInitializeOnLoadAttributes (568ms)
				ProcessInitializeOnLoadMethodAttributes (17ms)
				AfterProcessingInitializeOnLoad (3ms)
				EditorAssembliesLoaded (0ms)
			ExecutionOrderSort2 (0ms)
			AwakeInstancesAfterBackupRestoration (5ms)
Platform modules already initialized, skipping
========================================================================
Worker process is ready to serve import requests
Launched and connected shader compiler UnityShaderCompiler.exe after 0.03 seconds
Refreshing native plugins compatible for Editor in 1.79 ms, found 5 plugins.
Preloading 0 native plugins for Editor in 0.00 ms.
Unloading 3811 Unused Serialized files (Serialized files now loaded: 0)
Unloading 51 unused Assets / (1.3 MB). Loaded Objects now: 4286.
Memory consumption went from 203.2 MB to 201.9 MB.
Total: 2.855700 ms (FindLiveObjects: 0.264300 ms CreateObjectMapping: 0.093400 ms MarkObjects: 2.264900 ms  DeleteObjects: 0.232400 ms)

AssetImportParameters requested are different than current active one (requested -> active):
  custom:video-decoder-ogg-theora: a1e56fd34408186e4bbccfd4996cb3dc -> 
  custom:container-muxer-webm: aa71ff27fc2769a1b78a27578f13a17b -> 
  custom:container-demuxer-webm: 4f35f7cbe854078d1ac9338744f61a02 -> 
  custom:video-encoder-webm-vp8: eb34c28f22e8b96e1ab97ce403110664 -> 
  custom:CustomObjectIndexerAttribute: bc11b3a6c3213fcdd17b65e7da85e133 -> 
  custom:audio-encoder-webm-vorbis: bf7c407c2cedff20999df2af8eb42d56 -> 
  custom:framework-win-MediaFoundation: 216162199b28c13a410421893ffa2e32 -> 
  custom:SearchIndexIgnoredProperties: e643bd26f0fe6173181afceb89e7c659 -> 
  custom:container-demuxer-ogg: 62fdf1f143b41e24485cea50d1cbac27 -> 
  custom:video-decoder-webm-vp8: 9c59270c3fd7afecdb556c50c9e8de78 -> 
  custom:audio-decoder-ogg-vorbis: bf7c407c2cedff20999df2af8eb42d56 -> 
========================================================================
Received Import Request.
  Time since last request: 4708.307380 seconds.
  path: Assets/Store Asset/polyperfect/Low Poly Ultimate Pack/M/- Prefabs_M/Amusement-Park_M/building-haunted-house.prefab
  artifactKey: Guid(91071a94127c86d4ba404ca72daea164) Importer(815301076,1909f56bfc062723c751e8b465ee728b)
Number of updated assets reloaded before import = 0
Start importing Assets/Store Asset/polyperfect/Low Poly Ultimate Pack/M/- Prefabs_M/Amusement-Park_M/building-haunted-house.prefab using Guid(91071a94127c86d4ba404ca72daea164) Importer(815301076,1909f56bfc062723c751e8b465ee728b)  -> (artifact id: '23f9997b04d36787af9c326162178393') in 0.140341 seconds 
Number of asset objects unloaded after import = 15
========================================================================
Received Import Request.
  Time since last request: 0.000030 seconds.
  path: Assets/Store Asset/polyperfect/Low Poly Ultimate Pack/M/- Prefabs_M/Amusement-Park_M/ferris-wheel.prefab
  artifactKey: Guid(18ec5bde380b49e4294eff4dfb61ef43) Importer(815301076,1909f56bfc062723c751e8b465ee728b)
Number of updated assets reloaded before import = 0
Start importing Assets/Store Asset/polyperfect/Low Poly Ultimate Pack/M/- Prefabs_M/Amusement-Park_M/ferris-wheel.prefab using Guid(18ec5bde380b49e4294eff4dfb61ef43) Importer(815301076,1909f56bfc062723c751e8b465ee728b)  -> (artifact id: 'fac062c7e88f0f1a239f2be59d3147c5') in 0.074678 seconds 
Number of asset objects unloaded after import = 71
========================================================================
Received Import Request.
  Time since last request: 0.000036 seconds.
  path: Assets/Store Asset/polyperfect/Low Poly Ultimate Pack/M/- Prefabs_M/Amusement-Park_M/information-stall.prefab
  artifactKey: Guid(38e168aa65594ba4081d0ae2b869ccfb) Importer(815301076,1909f56bfc062723c751e8b465ee728b)
Number of updated assets reloaded before import = 0
Start importing Assets/Store Asset/polyperfect/Low Poly Ultimate Pack/M/- Prefabs_M/Amusement-Park_M/information-stall.prefab using Guid(38e168aa65594ba4081d0ae2b869ccfb) Importer(815301076,1909f56bfc062723c751e8b465ee728b)  -> (artifact id: 'b1426b77c82186723466dace206025eb') in 0.015621 seconds 
Number of asset objects unloaded after import = 15
========================================================================
Received Import Request.
  Time since last request: 2.834015 seconds.
  path: Assets/Store Asset/polyperfect/Low Poly Ultimate Pack/M/- Prefabs_M/Amusement-Park_M/popcorn.prefab
  artifactKey: Guid(ac36c20d8e4738346a7256af9d5f3cf2) Importer(815301076,1909f56bfc062723c751e8b465ee728b)
Number of updated assets reloaded before import = 0
Start importing Assets/Store Asset/polyperfect/Low Poly Ultimate Pack/M/- Prefabs_M/Amusement-Park_M/popcorn.prefab using Guid(ac36c20d8e4738346a7256af9d5f3cf2) Importer(815301076,1909f56bfc062723c751e8b465ee728b)  -> (artifact id: 'd84fac8fa973da05ccc510f56923b294') in 0.010555 seconds 
Number of asset objects unloaded after import = 11
========================================================================
Received Import Request.
  Time since last request: 0.022493 seconds.
  path: Assets/Store Asset/polyperfect/Low Poly Ultimate Pack/M/- Prefabs_M/Amusement-Park_M/roller-coaster-big.prefab
  artifactKey: Guid(58f09a7d788f5b5429bc4e15e957f743) Importer(815301076,1909f56bfc062723c751e8b465ee728b)
Number of updated assets reloaded before import = 0
Start importing Assets/Store Asset/polyperfect/Low Poly Ultimate Pack/M/- Prefabs_M/Amusement-Park_M/roller-coaster-big.prefab using Guid(58f09a7d788f5b5429bc4e15e957f743) Importer(815301076,1909f56bfc062723c751e8b465ee728b)  -> (artifact id: '11b4f7480dd1868df0911497314b81d3') in 0.043839 seconds 
Number of asset objects unloaded after import = 12
========================================================================
Received Import Request.
  Time since last request: 0.053247 seconds.
  path: Assets/Store Asset/polyperfect/Low Poly Ultimate Pack/M/- Prefabs_M/Amusement-Park_M/roller-coaster-cart-back.prefab
  artifactKey: Guid(69aa8a671a515a7478ae6aa6586287b6) Importer(815301076,1909f56bfc062723c751e8b465ee728b)
Number of updated assets reloaded before import = 0
Start importing Assets/Store Asset/polyperfect/Low Poly Ultimate Pack/M/- Prefabs_M/Amusement-Park_M/roller-coaster-cart-back.prefab using Guid(69aa8a671a515a7478ae6aa6586287b6) Importer(815301076,1909f56bfc062723c751e8b465ee728b)  -> (artifact id: '4a9d047a742b0f7925806da43bf15715') in 0.038783 seconds 
Number of asset objects unloaded after import = 11
========================================================================
Received Import Request.
  Time since last request: 0.103080 seconds.
  path: Assets/Store Asset/polyperfect/Low Poly Ultimate Pack/M/- Prefabs_M/Amusement-Park_M/roller-coaster-cart-front.prefab
  artifactKey: Guid(baf323c538b3e054cbc10b8a49d07ed5) Importer(815301076,1909f56bfc062723c751e8b465ee728b)
Number of updated assets reloaded before import = 0
Start importing Assets/Store Asset/polyperfect/Low Poly Ultimate Pack/M/- Prefabs_M/Amusement-Park_M/roller-coaster-cart-front.prefab using Guid(baf323c538b3e054cbc10b8a49d07ed5) Importer(815301076,1909f56bfc062723c751e8b465ee728b)  -> (artifact id: 'a6caa7ba655d7fd99785043e20fb8b92') in 0.009348 seconds 
Number of asset objects unloaded after import = 11
========================================================================
Received Import Request.
  Time since last request: 0.061760 seconds.
  path: Assets/Store Asset/polyperfect/Low Poly Ultimate Pack/M/- Prefabs_M/Amusement-Park_M/soda-stall.prefab
  artifactKey: Guid(4ff119014c264fa49b18d82c4047ddd4) Importer(815301076,1909f56bfc062723c751e8b465ee728b)
Number of updated assets reloaded before import = 0
Start importing Assets/Store Asset/polyperfect/Low Poly Ultimate Pack/M/- Prefabs_M/Amusement-Park_M/soda-stall.prefab using Guid(4ff119014c264fa49b18d82c4047ddd4) Importer(815301076,1909f56bfc062723c751e8b465ee728b)  -> (artifact id: 'cfbfd1d56c0036a7fb308f6db60a711b') in 0.032988 seconds 
Number of asset objects unloaded after import = 18
========================================================================
Received Import Request.
  Time since last request: 9.207096 seconds.
  path: Assets/Store Asset/polyperfect/Low Poly Ultimate Pack/M/- Prefabs_M/Buildings_M/building-burger-joint.prefab
  artifactKey: Guid(943625908a983794d965c806455fc9e3) Importer(815301076,1909f56bfc062723c751e8b465ee728b)
Number of updated assets reloaded before import = 0
Start importing Assets/Store Asset/polyperfect/Low Poly Ultimate Pack/M/- Prefabs_M/Buildings_M/building-burger-joint.prefab using Guid(943625908a983794d965c806455fc9e3) Importer(815301076,1909f56bfc062723c751e8b465ee728b)  -> (artifact id: '3613a3ad7e7ca26b8d2a670f58faea6c') in 0.012639 seconds 
Number of asset objects unloaded after import = 15
========================================================================
Received Import Request.
  Time since last request: 0.000426 seconds.
  path: Assets/Store Asset/polyperfect/Low Poly Ultimate Pack/M/- Prefabs_M/Buildings_M/building-block-5floor.prefab
  artifactKey: Guid(8688660e9f5492a4982e9d9c74892692) Importer(815301076,1909f56bfc062723c751e8b465ee728b)
Number of updated assets reloaded before import = 0
Start importing Assets/Store Asset/polyperfect/Low Poly Ultimate Pack/M/- Prefabs_M/Buildings_M/building-block-5floor.prefab using Guid(8688660e9f5492a4982e9d9c74892692) Importer(815301076,1909f56bfc062723c751e8b465ee728b)  -> (artifact id: 'd101a01585530d17f94147315bcdff44') in 0.015255 seconds 
Number of asset objects unloaded after import = 19
========================================================================
Received Import Request.
  Time since last request: 0.111427 seconds.
  path: Assets/Store Asset/polyperfect/Low Poly Ultimate Pack/M/- Prefabs_M/Buildings_M/building-block-5floor-short.prefab
  artifactKey: Guid(6074241c127d41b4092a52dfc1033031) Importer(815301076,1909f56bfc062723c751e8b465ee728b)
Number of updated assets reloaded before import = 0
Start importing Assets/Store Asset/polyperfect/Low Poly Ultimate Pack/M/- Prefabs_M/Buildings_M/building-block-5floor-short.prefab using Guid(6074241c127d41b4092a52dfc1033031) Importer(815301076,1909f56bfc062723c751e8b465ee728b)  -> (artifact id: 'eaddb5b9bf7d6cdb3755d1ca1b6bb7ab') in 0.032826 seconds 
Number of asset objects unloaded after import = 18
========================================================================
Received Import Request.
  Time since last request: 0.105020 seconds.
  path: Assets/Store Asset/polyperfect/Low Poly Ultimate Pack/M/- Prefabs_M/Buildings_M/building-block-4floor-short.prefab
  artifactKey: Guid(097b57be8da56384dab59f4e721aeeb2) Importer(815301076,1909f56bfc062723c751e8b465ee728b)
Number of updated assets reloaded before import = 0
Start importing Assets/Store Asset/polyperfect/Low Poly Ultimate Pack/M/- Prefabs_M/Buildings_M/building-block-4floor-short.prefab using Guid(097b57be8da56384dab59f4e721aeeb2) Importer(815301076,1909f56bfc062723c751e8b465ee728b)  -> (artifact id: '89ea8b3682d38d8f5e7df0d86343ea42') in 0.059398 seconds 
Number of asset objects unloaded after import = 17
========================================================================
Received Import Request.
  Time since last request: 0.135201 seconds.
  path: Assets/Store Asset/polyperfect/Low Poly Ultimate Pack/M/- Prefabs_M/Buildings_M/building-block-4floor-front.prefab
  artifactKey: Guid(bd5c9cf71fdd5924f9bdd96150276426) Importer(815301076,1909f56bfc062723c751e8b465ee728b)
Number of updated assets reloaded before import = 0
Start importing Assets/Store Asset/polyperfect/Low Poly Ultimate Pack/M/- Prefabs_M/Buildings_M/building-block-4floor-front.prefab using Guid(bd5c9cf71fdd5924f9bdd96150276426) Importer(815301076,1909f56bfc062723c751e8b465ee728b)  -> (artifact id: '87c90277a97828dbce1e69879fb1b4de') in 0.013045 seconds 
Number of asset objects unloaded after import = 18
========================================================================
Received Import Request.
  Time since last request: 0.022324 seconds.
  path: Assets/Store Asset/polyperfect/Low Poly Ultimate Pack/M/- Prefabs_M/Buildings_M/building-block-4floor-corner.prefab
  artifactKey: Guid(41298c6ff2dd79f4485adca15b109283) Importer(815301076,1909f56bfc062723c751e8b465ee728b)
Number of updated assets reloaded before import = 0
Start importing Assets/Store Asset/polyperfect/Low Poly Ultimate Pack/M/- Prefabs_M/Buildings_M/building-block-4floor-corner.prefab using Guid(41298c6ff2dd79f4485adca15b109283) Importer(815301076,1909f56bfc062723c751e8b465ee728b)  -> (artifact id: '721eb9cdb9de77a9c0fa848de47623ee') in 0.013728 seconds 
Number of asset objects unloaded after import = 17
========================================================================
Received Import Request.
  Time since last request: 0.016939 seconds.
  path: Assets/Store Asset/polyperfect/Low Poly Ultimate Pack/M/- Prefabs_M/Buildings_M/building-bank.prefab
  artifactKey: Guid(f211947ffc182914f8c765ffb0042719) Importer(815301076,1909f56bfc062723c751e8b465ee728b)
Number of updated assets reloaded before import = 0
Start importing Assets/Store Asset/polyperfect/Low Poly Ultimate Pack/M/- Prefabs_M/Buildings_M/building-bank.prefab using Guid(f211947ffc182914f8c765ffb0042719) Importer(815301076,1909f56bfc062723c751e8b465ee728b)  -> (artifact id: '7cc4afab2ffa6d471b6e10b643465765') in 0.020853 seconds 
Number of asset objects unloaded after import = 14
========================================================================
Received Import Request.
  Time since last request: 0.169362 seconds.
  path: Assets/Store Asset/polyperfect/Low Poly Ultimate Pack/M/- Prefabs_M/Buildings_M/building-apartment-china.prefab
  artifactKey: Guid(8b6acd6b1b57aa84dba3c0464c764b98) Importer(815301076,1909f56bfc062723c751e8b465ee728b)
Number of updated assets reloaded before import = 0
Start importing Assets/Store Asset/polyperfect/Low Poly Ultimate Pack/M/- Prefabs_M/Buildings_M/building-apartment-china.prefab using Guid(8b6acd6b1b57aa84dba3c0464c764b98) Importer(815301076,1909f56bfc062723c751e8b465ee728b)  -> (artifact id: '7ce4ce1a706bdc68617757738547ab0b') in 0.014614 seconds 
Number of asset objects unloaded after import = 17
========================================================================
Received Import Request.
  Time since last request: 0.039056 seconds.
  path: Assets/Store Asset/polyperfect/Low Poly Ultimate Pack/M/- Prefabs_M/Buildings_M/bar-tropic.prefab
  artifactKey: Guid(b457d944bd198f84faa1e7cf2e371385) Importer(815301076,1909f56bfc062723c751e8b465ee728b)
Number of updated assets reloaded before import = 0
Start importing Assets/Store Asset/polyperfect/Low Poly Ultimate Pack/M/- Prefabs_M/Buildings_M/bar-tropic.prefab using Guid(b457d944bd198f84faa1e7cf2e371385) Importer(815301076,1909f56bfc062723c751e8b465ee728b)  -> (artifact id: 'a149010eabdb9ad0ad67ad27d26e3a10') in 0.017354 seconds 
Number of asset objects unloaded after import = 12
========================================================================
Received Import Request.
  Time since last request: 0.000011 seconds.
  path: Assets/Store Asset/polyperfect/Low Poly Ultimate Pack/M/- Prefabs_M/Buildings_M/airport-terminal.prefab
  artifactKey: Guid(d09f858f18294d34698c85cf763ffca1) Importer(815301076,1909f56bfc062723c751e8b465ee728b)
Number of updated assets reloaded before import = 0
Start importing Assets/Store Asset/polyperfect/Low Poly Ultimate Pack/M/- Prefabs_M/Buildings_M/airport-terminal.prefab using Guid(d09f858f18294d34698c85cf763ffca1) Importer(815301076,1909f56bfc062723c751e8b465ee728b)  -> (artifact id: '42785409b74d6f2fc5e1f8666e78030b') in 0.011420 seconds 
Number of asset objects unloaded after import = 13
========================================================================
Received Import Request.
  Time since last request: 0.173761 seconds.
  path: Assets/Store Asset/polyperfect/Low Poly Ultimate Pack/M/- Prefabs_M/Buildings_M/airport-jet-bridge.prefab
  artifactKey: Guid(7345c7e08b96ca149846be52bf8d996d) Importer(815301076,1909f56bfc062723c751e8b465ee728b)
Number of updated assets reloaded before import = 0
Start importing Assets/Store Asset/polyperfect/Low Poly Ultimate Pack/M/- Prefabs_M/Buildings_M/airport-jet-bridge.prefab using Guid(7345c7e08b96ca149846be52bf8d996d) Importer(815301076,1909f56bfc062723c751e8b465ee728b)  -> (artifact id: '399006780495aecf1d24829359611b10') in 0.010646 seconds 
Number of asset objects unloaded after import = 12
========================================================================
Received Import Request.
  Time since last request: 1.938372 seconds.
  path: Assets/Store Asset/polyperfect/Low Poly Ultimate Pack/M/- Prefabs_M/Construction_M/bucket-paint-medium.prefab
  artifactKey: Guid(6a9fb783869d76a43a088d46f9924508) Importer(815301076,1909f56bfc062723c751e8b465ee728b)
Number of updated assets reloaded before import = 0
Start importing Assets/Store Asset/polyperfect/Low Poly Ultimate Pack/M/- Prefabs_M/Construction_M/bucket-paint-medium.prefab using Guid(6a9fb783869d76a43a088d46f9924508) Importer(815301076,1909f56bfc062723c751e8b465ee728b)  -> (artifact id: '4f8d6e1f66d5ff00535fbd6e6c56b0d0') in 0.010106 seconds 
Number of asset objects unloaded after import = 13
========================================================================
Received Import Request.
  Time since last request: 0.000014 seconds.
  path: Assets/Store Asset/polyperfect/Low Poly Ultimate Pack/M/- Prefabs_M/Construction_M/can-paint.prefab
  artifactKey: Guid(8ebaa63df91b1e94b9575afbc9191e28) Importer(815301076,1909f56bfc062723c751e8b465ee728b)
Number of updated assets reloaded before import = 0
Start importing Assets/Store Asset/polyperfect/Low Poly Ultimate Pack/M/- Prefabs_M/Construction_M/can-paint.prefab using Guid(8ebaa63df91b1e94b9575afbc9191e28) Importer(815301076,1909f56bfc062723c751e8b465ee728b)  -> (artifact id: '30adee05d61e92a6ed11d27a4d146b7b') in 0.011089 seconds 
Number of asset objects unloaded after import = 12
========================================================================
Received Import Request.
  Time since last request: 0.000015 seconds.
  path: Assets/Store Asset/polyperfect/Low Poly Ultimate Pack/M/- Prefabs_M/Construction_M/cement-bag-open.prefab
  artifactKey: Guid(243afd4717f6cbb47a33628b4eed7138) Importer(815301076,1909f56bfc062723c751e8b465ee728b)
Number of updated assets reloaded before import = 0
Start importing Assets/Store Asset/polyperfect/Low Poly Ultimate Pack/M/- Prefabs_M/Construction_M/cement-bag-open.prefab using Guid(243afd4717f6cbb47a33628b4eed7138) Importer(815301076,1909f56bfc062723c751e8b465ee728b)  -> (artifact id: '9b03db1e5ac202e31b8624488a1eaf82') in 0.014197 seconds 
Number of asset objects unloaded after import = 11
========================================================================
Received Import Request.
  Time since last request: 0.956390 seconds.
  path: Assets/Store Asset/polyperfect/Low Poly Ultimate Pack/M/- Prefabs_M/Dishes_M/knife-kitchen-small.prefab
  artifactKey: Guid(34897d21b9ca1d94eb3eddfee0a6b411) Importer(815301076,1909f56bfc062723c751e8b465ee728b)
Number of updated assets reloaded before import = 0
Start importing Assets/Store Asset/polyperfect/Low Poly Ultimate Pack/M/- Prefabs_M/Dishes_M/knife-kitchen-small.prefab using Guid(34897d21b9ca1d94eb3eddfee0a6b411) Importer(815301076,1909f56bfc062723c751e8b465ee728b)  -> (artifact id: 'f785e375042f8946e904add06a089266') in 0.010366 seconds 
Number of asset objects unloaded after import = 10
========================================================================
Received Import Request.
  Time since last request: 0.000011 seconds.
  path: Assets/Store Asset/polyperfect/Low Poly Ultimate Pack/M/- Prefabs_M/Dishes_M/lid-small.prefab
  artifactKey: Guid(4390289c3ffe6844287c91012a49bf58) Importer(815301076,1909f56bfc062723c751e8b465ee728b)
Number of updated assets reloaded before import = 0
Start importing Assets/Store Asset/polyperfect/Low Poly Ultimate Pack/M/- Prefabs_M/Dishes_M/lid-small.prefab using Guid(4390289c3ffe6844287c91012a49bf58) Importer(815301076,1909f56bfc062723c751e8b465ee728b)  -> (artifact id: '7d941a6296ea5a80b49b6b9831b891e9') in 0.013063 seconds 
Number of asset objects unloaded after import = 11
========================================================================
Received Import Request.
  Time since last request: 0.000015 seconds.
  path: Assets/Store Asset/polyperfect/Low Poly Ultimate Pack/M/- Prefabs_M/Dishes_M/pan-wok.prefab
  artifactKey: Guid(6c1cb8450cec06340959e867533a02f6) Importer(815301076,1909f56bfc062723c751e8b465ee728b)
Number of updated assets reloaded before import = 0
Start importing Assets/Store Asset/polyperfect/Low Poly Ultimate Pack/M/- Prefabs_M/Dishes_M/pan-wok.prefab using Guid(6c1cb8450cec06340959e867533a02f6) Importer(815301076,1909f56bfc062723c751e8b465ee728b)  -> (artifact id: 'a78b28a7ccdd2a3086b8c2847d1aee8d') in 0.045981 seconds 
Number of asset objects unloaded after import = 10
========================================================================
Received Import Request.
  Time since last request: 1.071824 seconds.
  path: Assets/Store Asset/polyperfect/Low Poly Ultimate Pack/M/- Prefabs_M/Drinks_M/cup-small-coffee.prefab
  artifactKey: Guid(24990d4b5b471f44cbc6e30dc17007b6) Importer(815301076,1909f56bfc062723c751e8b465ee728b)
Number of updated assets reloaded before import = 0
Start importing Assets/Store Asset/polyperfect/Low Poly Ultimate Pack/M/- Prefabs_M/Drinks_M/cup-small-coffee.prefab using Guid(24990d4b5b471f44cbc6e30dc17007b6) Importer(815301076,1909f56bfc062723c751e8b465ee728b)  -> (artifact id: 'be2f2481f78543517fa82958c4a929ce') in 0.009819 seconds 
Number of asset objects unloaded after import = 11
========================================================================
Received Import Request.
  Time since last request: 0.000013 seconds.
  path: Assets/Store Asset/polyperfect/Low Poly Ultimate Pack/M/- Prefabs_M/Drinks_M/cup-small.prefab
  artifactKey: Guid(db4cee8a97d9d4c3d85546743d761a73) Importer(815301076,1909f56bfc062723c751e8b465ee728b)
Number of updated assets reloaded before import = 0
Start importing Assets/Store Asset/polyperfect/Low Poly Ultimate Pack/M/- Prefabs_M/Drinks_M/cup-small.prefab using Guid(db4cee8a97d9d4c3d85546743d761a73) Importer(815301076,1909f56bfc062723c751e8b465ee728b)  -> (artifact id: 'e1d919cc10c0fde50f9d8fa27bf1b8ec') in 0.008794 seconds 
Number of asset objects unloaded after import = 9
========================================================================
Received Import Request.
  Time since last request: 0.000016 seconds.
  path: Assets/Store Asset/polyperfect/Low Poly Ultimate Pack/M/- Prefabs_M/Drinks_M/glass-black-coffee.prefab
  artifactKey: Guid(9a81b2ee9c94f7e4196f771d202771ce) Importer(815301076,1909f56bfc062723c751e8b465ee728b)
Number of updated assets reloaded before import = 0
Start importing Assets/Store Asset/polyperfect/Low Poly Ultimate Pack/M/- Prefabs_M/Drinks_M/glass-black-coffee.prefab using Guid(9a81b2ee9c94f7e4196f771d202771ce) Importer(815301076,1909f56bfc062723c751e8b465ee728b)  -> (artifact id: 'f905248a0bde3a99e364b91c26ad13d5') in 0.009612 seconds 
Number of asset objects unloaded after import = 10
========================================================================
Received Import Request.
  Time since last request: 2.373412 seconds.
  path: Assets/Store Asset/polyperfect/Low Poly Ultimate Pack/M/- Prefabs_M/Egypt_M/egypt-market-table-short.prefab
  artifactKey: Guid(1f39f0b610d42954e9de36bead8598d0) Importer(815301076,1909f56bfc062723c751e8b465ee728b)
Number of updated assets reloaded before import = 0
Start importing Assets/Store Asset/polyperfect/Low Poly Ultimate Pack/M/- Prefabs_M/Egypt_M/egypt-market-table-short.prefab using Guid(1f39f0b610d42954e9de36bead8598d0) Importer(815301076,1909f56bfc062723c751e8b465ee728b)  -> (artifact id: 'cb6473daf2b509e97f1e334cc7f3e7da') in 0.010110 seconds 
Number of asset objects unloaded after import = 9
========================================================================
Received Import Request.
  Time since last request: 0.000019 seconds.
  path: Assets/Store Asset/polyperfect/Low Poly Ultimate Pack/M/- Prefabs_M/Egypt_M/egypt-obelisk-old.prefab
  artifactKey: Guid(5335e08ea1eddd64fbff3557bdde90f2) Importer(815301076,1909f56bfc062723c751e8b465ee728b)
Number of updated assets reloaded before import = 0
Start importing Assets/Store Asset/polyperfect/Low Poly Ultimate Pack/M/- Prefabs_M/Egypt_M/egypt-obelisk-old.prefab using Guid(5335e08ea1eddd64fbff3557bdde90f2) Importer(815301076,1909f56bfc062723c751e8b465ee728b)  -> (artifact id: '712babb0976ef78a57ac0d1c7ee0e0a8') in 0.008452 seconds 
Number of asset objects unloaded after import = 9
========================================================================
Received Import Request.
  Time since last request: 0.000023 seconds.
  path: Assets/Store Asset/polyperfect/Low Poly Ultimate Pack/M/- Prefabs_M/Egypt_M/egypt-papyrus.prefab
  artifactKey: Guid(b18175fb9f1e3ee41a356b1474df8b2d) Importer(815301076,1909f56bfc062723c751e8b465ee728b)
Number of updated assets reloaded before import = 0
Start importing Assets/Store Asset/polyperfect/Low Poly Ultimate Pack/M/- Prefabs_M/Egypt_M/egypt-papyrus.prefab using Guid(b18175fb9f1e3ee41a356b1474df8b2d) Importer(815301076,1909f56bfc062723c751e8b465ee728b)  -> (artifact id: 'e312ecdea2436fa98f14b1a9d5708b6e') in 0.103102 seconds 
Number of asset objects unloaded after import = 10
========================================================================
Received Import Request.
  Time since last request: 0.458081 seconds.
  path: Assets/Store Asset/polyperfect/Low Poly Ultimate Pack/M/- Prefabs_M/Electronics_M/cartridge-game-c.prefab
  artifactKey: Guid(7bfff1c2054240a4e9976ea0a006e732) Importer(815301076,1909f56bfc062723c751e8b465ee728b)
Number of updated assets reloaded before import = 0
Start importing Assets/Store Asset/polyperfect/Low Poly Ultimate Pack/M/- Prefabs_M/Electronics_M/cartridge-game-c.prefab using Guid(7bfff1c2054240a4e9976ea0a006e732) Importer(815301076,1909f56bfc062723c751e8b465ee728b)  -> (artifact id: '6390b74db77971bfb98a4507e459459b') in 0.010552 seconds 
Number of asset objects unloaded after import = 15
========================================================================
Received Import Request.
  Time since last request: 0.000013 seconds.
  path: Assets/Store Asset/polyperfect/Low Poly Ultimate Pack/M/- Prefabs_M/Electronics_M/coffee-machine.prefab
  artifactKey: Guid(460698866a9534f4aa6ef44a982bc591) Importer(815301076,1909f56bfc062723c751e8b465ee728b)
Number of updated assets reloaded before import = 0
Start importing Assets/Store Asset/polyperfect/Low Poly Ultimate Pack/M/- Prefabs_M/Electronics_M/coffee-machine.prefab using Guid(460698866a9534f4aa6ef44a982bc591) Importer(815301076,1909f56bfc062723c751e8b465ee728b)  -> (artifact id: '16786e897aaed8caa0f6c6906d9efa82') in 0.010282 seconds 
Number of asset objects unloaded after import = 15
========================================================================
Received Import Request.
  Time since last request: 0.000019 seconds.
  path: Assets/Store Asset/polyperfect/Low Poly Ultimate Pack/M/- Prefabs_M/Electronics_M/console-handheld.prefab
  artifactKey: Guid(76d363fc647c83348ab1454d6f4e3bd8) Importer(815301076,1909f56bfc062723c751e8b465ee728b)
Number of updated assets reloaded before import = 0
Start importing Assets/Store Asset/polyperfect/Low Poly Ultimate Pack/M/- Prefabs_M/Electronics_M/console-handheld.prefab using Guid(76d363fc647c83348ab1454d6f4e3bd8) Importer(815301076,1909f56bfc062723c751e8b465ee728b)  -> (artifact id: 'd0a149e1b65e0962fdf09cb4a97b637b') in 0.009748 seconds 
Number of asset objects unloaded after import = 12
Editor requested this worker to shutdown with reason: Scaling down because of idle timeout
AssetImportWorker is now disconnected from the server
Process exiting
Exiting without the bug reporter. Application will terminate with return code 0